[2026-04-13 16:39:16] [32mINFO[0m: ✅ ThreadSafeStateMachine initialized
[2026-04-13 16:39:16] [32mINFO[0m: ✅ DirtyBitCache initialized
[2026-04-13 16:39:17] [32mINFO[0m: ✓ Single instance lock acquired (QSharedMemory)
[2026-04-13 16:39:17] [32mINFO[0m: i18n initialized with language: pt_BR
[2026-04-13 16:39:17] [32mINFO[0m: Session lock created: /home/matheus/.config/nitrosense/.session_lock
[2026-04-13 16:39:17] [32mINFO[0m: Global exception handler installed (use_dialogs=True)
[2026-04-13 16:39:17] [32mINFO[0m: ✓ Splash screen created
[2026-04-13 16:39:17] [32mINFO[0m: Starting Qt event loop...
[2026-04-13 16:39:17] [32mINFO[0m: ============================================================
[2026-04-13 16:39:17] [32mINFO[0m: 🏥 FULL SYSTEM INTEGRITY CHECK (3 LEVELS)
[2026-04-13 16:39:17] [32mINFO[0m: ============================================================
[2026-04-13 16:39:17] [32mINFO[0m: 🔍 Level 1: Binary dependency check...
[2026-04-13 16:39:17] [32mINFO[0m: 🔍 Level 2: Kernel EC module check...
[2026-04-13 16:39:17] [32mINFO[0m: ✅ EC module OK (write_support=1)
[2026-04-13 16:39:17] [32mINFO[0m: 🔍 Level 3: Python module check...
[2026-04-13 16:39:17] [32mINFO[0m: 📊 Integrity Check Result: OK
[2026-04-13 16:39:17] [32mINFO[0m: ============================================================
[2026-04-13 16:39:17] [32mINFO[0m: ✅ Global SignalHub initialized (Mediator Pattern)
[2026-04-13 16:39:17] [32mINFO[0m: ============================================================
[2026-04-13 16:39:17] [32mINFO[0m: NitroSense System v3.0.5 Initialization
[2026-04-13 16:39:17] [32mINFO[0m: Architecture: Resilience Framework + Performance Optimization
[2026-04-13 16:39:17] [32mINFO[0m: ============================================================
[2026-04-13 16:39:17] [32mINFO[0m: 🔧 Loading configuration...
[2026-04-13 16:39:17] [32mINFO[0m: ConfigManager initialized: /home/matheus/.config/nitrosense/config.json
[2026-04-13 16:39:17] [32mINFO[0m: ✅ ConfigManager ready
[2026-04-13 16:39:17] [32mINFO[0m: 🔧 Validating system...
[2026-04-13 16:39:17] [32mINFO[0m: BackendValidation initialized
[2026-04-13 16:39:17] [32mINFO[0m: ✅ Hardware validated: Nitro AN515-54
[2026-04-13 16:39:17] [32mINFO[0m: 🔧 Initializing hardware layer...
[2026-04-13 16:39:17] [32mINFO[0m: Discovered 11 sensor paths
[2026-04-13 16:39:17] [32mINFO[0m: Initializing hardware layer...
[2026-04-13 16:39:17] [32mINFO[0m: ✅ Embedded Controller initialized
[2026-04-13 16:39:17] [32mINFO[0m: ✅ NBFC service available
[2026-04-13 16:39:17] [32mINFO[0m: ✅ HardwareManager ready
[2026-04-13 16:39:17] [32mINFO[0m: 🔍 Running 3-level system integrity check...
[2026-04-13 16:39:17] [32mINFO[0m: ============================================================
[2026-04-13 16:39:17] [32mINFO[0m: 🏥 FULL SYSTEM INTEGRITY CHECK (3 LEVELS)
[2026-04-13 16:39:17] [32mINFO[0m: ============================================================
[2026-04-13 16:39:17] [32mINFO[0m: 🔍 Level 1: Binary dependency check...
[2026-04-13 16:39:17] [32mINFO[0m: 🔍 Level 2: Kernel EC module check...
[2026-04-13 16:39:17] [32mINFO[0m: ✅ EC module OK (write_support=1)
[2026-04-13 16:39:17] [32mINFO[0m: 🔍 Level 3: Python module check...
[2026-04-13 16:39:17] [32mINFO[0m: 📊 Integrity Check Result: OK
[2026-04-13 16:39:17] [32mINFO[0m: ============================================================
[2026-04-13 16:39:17] [32mINFO[0m: ✅ System integrity check passed
[2026-04-13 16:39:17] [32mINFO[0m: 🔧 Starting monitoring engine...
[2026-04-13 16:39:17] [32mINFO[0m: MonitoringEngine initialized
[2026-04-13 16:39:17] [32mINFO[0m: ✅ MonitoringEngine ready (with watchdog integration)
[2026-04-13 16:39:17] [32mINFO[0m: 🔧 Initializing AI engine...
[2026-04-13 16:39:17] [32mINFO[0m: PredictiveAIEngine initialized
[2026-04-13 16:39:17] [32mINFO[0m: ✅ PredictiveAIEngine ready
[2026-04-13 16:39:17] [32mINFO[0m: 🔧 Starting fan controller...
[2026-04-13 16:39:17] [32mINFO[0m: FanController initialized
[2026-04-13 16:39:17] [32mINFO[0m: ✅ FanController ready
[2026-04-13 16:39:17] [32mINFO[0m: 🔧 Enabling security module...
[2026-04-13 16:39:17] [32mINFO[0m: SecurityAndDiagnostics initialized
[2026-04-13 16:39:17] [32mINFO[0m: ✅ SecurityAndDiagnostics ready
[2026-04-13 16:39:17] [32mINFO[0m: 🔧 Running system diagnostics...
[2026-04-13 16:39:17] [32mINFO[0m: Diagnostics report generated: /home/matheus/.config/nitrosense/diagnostics_report.txt
[2026-04-13 16:39:17] [32mINFO[0m: 🐕 Starting hardware watchdog (10s timeout)...
[2026-04-13 16:39:17] [32mINFO[0m: ✅ HardwareWatchdog initialized (10s timeout, emergency at 3 failures)
[2026-04-13 16:39:17] [32mINFO[0m: ✅ Hardware watchdog active
[2026-04-13 16:39:17] [32mINFO[0m: 🐕 Watchdog started (monitoring every second, 10s timeout)
[2026-04-13 16:39:17] [32mINFO[0m: ============================================================
[2026-04-13 16:39:17] [32mINFO[0m: ✅ NitroSense System v3.0.5 READY (Resilience Framework)
[2026-04-13 16:39:17] [32mINFO[0m: ============================================================
[2026-04-13 16:39:20] [32mINFO[0m: Creating main application window...
[2026-04-13 16:39:20] [32mINFO[0m: PredictiveAIEngine initialized
[2026-04-13 16:39:20] [32mINFO[0m: FanController initialized
[2026-04-13 16:39:20] [35mCRITICAL[0m: Failed to initialize home page: type object 'Weight' has no attribute 'SemiBold'
Traceback (most recent call last):
  File "/home/matheus/Documentos/NitroSense Ultimate/nitrosense/ui/pages/home_page.py", line 41, in __init__
    self._init_ui()
  File "/home/matheus/Documentos/NitroSense Ultimate/nitrosense/ui/pages/home_page.py", line 72, in _init_ui
    layout.addLayout(self.init_temperature_display())
                     ^^^^^^^^^^^^^^^^^^^^^^^^^^^^^^^
  File "/home/matheus/Documentos/NitroSense Ultimate/nitrosense/ui/pages/home_page.py", line 82, in init_temperature_display
    self.cpu_card = self._create_metric_card(
                    ^^^^^^^^^^^^^^^^^^^^^^^^^
  File "/home/matheus/Documentos/NitroSense Ultimate/nitrosense/ui/pages/home_page.py", line 128, in _create_metric_card
    title_label.setFont(QFont("Segoe UI", 11, QFont.Weight.SemiBold))
                                              ^^^^^^^^^^^^^^^^^^^^^
AttributeError: type object 'Weight' has no attribute 'SemiBold'. Did you mean: 'DemiBold'?
QLayout: Attempting to add QLayout "" to HomePage "", which already has a layout
[2026-04-13 16:39:20] [32mINFO[0m: Lazy loaded page 0
[2026-04-13 16:39:20] [32mINFO[0m: ToastManager initialized
[2026-04-13 16:39:20] [32mINFO[0m: ✓ Window state restoration initialized
[2026-04-13 16:39:20] [32mINFO[0m: ✓ System tray initialized
[2026-04-13 16:39:20] [32mINFO[0m: ✓ System tray initialized with dynamic temperature coloring
[2026-04-13 16:39:20] [32mINFO[0m: ✓ Hardware watchdog connected to UI
[2026-04-13 16:39:20] [32mINFO[0m: ✓ Hardware watchdog initialized (100% fan on >3 sensor failures)
[2026-04-13 16:39:20] [32mINFO[0m: ✓ NitroSenseApp initialized with lazy loading and visibility guards
[2026-04-13 16:39:20] [32mINFO[0m: ✓ Main window created and stored on QApplication (persistent)
[2026-04-13 16:39:20] [32mINFO[0m: Application window shown
[2026-04-13 16:39:20] [32mINFO[0m: Splash window closed
[2026-04-13 16:39:20] [32mINFO[0m: 🔧 Calling monitoring.start_monitoring()...
[2026-04-13 16:39:20] [32mINFO[0m: Monitoring Monitoring loop started
[2026-04-13 16:39:20] [32mINFO[0m: OK Monitoring started (background thread)
[2026-04-13 16:39:20] [32mINFO[0m: 🔧 monitoring.start_monitoring() returned: 0, Monitoring active
[2026-04-13 16:39:20] [32mINFO[0m: ✅ Monitoring started (IdlePriority + Watchdog)
[2026-04-13 16:39:20] [32mINFO[0m: ✓ Background monitoring is active
[2026-04-13 16:39:20] [32mINFO[0m: ✓ Hardware watchdog started (100% fan on >3 sensor failures)
[2026-04-13 16:39:20] [33mWARNING[0m: pynput not installed; global hotkeys disabled
[2026-04-13 16:39:20] [32mINFO[0m: Install pynput: pip install pynput
[2026-04-13 16:39:20] [33mWARNING[0m: Cannot register hotkey 'ctrl+shift+f': pynput not available
[2026-04-13 16:39:20] [33mWARNING[0m: Cannot start hotkey listener: pynput not available
[2026-04-13 16:39:20] [32mINFO[0m: ============================================================
[2026-04-13 16:39:20] [32mINFO[0m: ✓ NitroSense Ultimate v3.0.5 LAUNCHED SUCCESSFULLY
[2026-04-13 16:39:20] [32mINFO[0m: ============================================================
[2026-04-13 16:39:25] [32mINFO[0m: Configuration reloaded from disk
[2026-04-13 16:39:30] [32mINFO[0m: Configuration reloaded from disk
[2026-04-13 16:39:32] [32mINFO[0m: Signal 15 received - initiating graceful shutdown
[2026-04-13 16:39:32] [32mINFO[0m: Closing main window...
[2026-04-13 16:39:32] [32mINFO[0m: NitroSenseApp closing...
[2026-04-13 16:39:32] [31mERROR[0m: Failed to save window state: 'WindowStateManager' object has no attribute '_atomic_write'
[2026-04-13 16:39:32] [32mINFO[0m: ✓ Window state saved on close
[2026-04-13 16:39:32] [31mERROR[0m: Cleanup error: 'HomePage' object has no attribute 'update_timer'
[2026-04-13 16:39:32] [32mINFO[0m: Application closed
[2026-04-13 16:39:32] [32mINFO[0m: Returning fan control to BIOS...
[2026-04-13 16:39:32] [32mINFO[0m: Stopping hardware watchdog...
[2026-04-13 16:39:32] [32mINFO[0m: 🐕 Stopping watchdog and returning control to BIOS...
[2026-04-13 16:39:32] [32mINFO[0m: ✓ Fans returned to automatic/BIOS control
[2026-04-13 16:39:32] [32mINFO[0m: Releasing single instance lock...
[2026-04-13 16:39:32] [32mINFO[0m: Exiting NitroSense Ultimate
[2026-04-13 16:39:32] [32mINFO[0m: Qt event loop exited with code: 0
[2026-04-13 16:39:32] [32mINFO[0m: Application exit cleanup running...
[2026-04-13 16:39:32] [32mINFO[0m: Session lock cleared
